<?xml version="1.0" encoding="UTF-8" ?>
<testsuite tests="5" failures="1" name="Testes.TestaLivro" time="0.032" errors="0" skipped="0">
  <properties>
[...]
</properties>
  <testcase classname="Testes.TestaLivro" name="Test_buscarPorId" time="0.029">
    <failure type="java.lang.AssertionError">java.lang.AssertionError
	at Testes.TestaLivro.Test_buscarPorId(TestaLivro.java:66)
</failure>
    <system-out>Configuring TestNG with: org.apache.maven.surefire.testng.conf.TestNG652Configurator@68f7aae2
Contando as linhas
t10
Id......:9
Título..: Ze dos Titãs
Autor...: Abelim Feriss
----------------
</system-out>
  </testcase>
  <testcase classname="Testes.TestaLivro" name="Test_carregaLivros" time="0"/>
  <testcase classname="Testes.TestaLivro" name="Test_listaLivros" time="0.002"/>
  <testcase classname="Testes.TestaLivro" name="Test_listaOrdenado" time="0.001"/>
  <testcase classname="Testes.TestaLivro" name="contaLinhas" time="0"/>
</testsuite>