<?xml version="1.0" encoding="UTF-8"?>
<!-- Generated by org.testng.reporters.JUnitXMLReporter -->
<testsuite ignored="0" hostname="lap-marcelot" failures="1" tests="5" name="Command line test" time="0.059" errors="0" timestamp="28 out. 2020 14:12:02 GMT">
  <testcase classname="Testes.TestaLivro" name="Test_buscarPorId" time="0.022">
    <failure type="java.lang.AssertionError">
      <![CDATA[java.lang.AssertionError
at Testes.TestaLivro.Test_buscarPorId(TestaLivro.java:66)
... Removed 34 stack frames]]>
    </failure>
  </testcase> <!-- Test_buscarPorId -->
  <testcase classname="Testes.TestaLivro" name="Test_carregaLivros" time="0.001"/>
  <testcase classname="Testes.TestaLivro" name="Test_listaLivros" time="0.003"/>
  <testcase classname="Testes.TestaLivro" name="Test_listaOrdenado" time="0.002"/>
  <testcase classname="Testes.TestaLivro" name="contaLinhas" time="0.001"/>
</testsuite> <!-- Command line test -->
